# JRE version: Java(TM) SE Runtime Environment (21.0.1+12) (build 21.0.1+12-LTS-29)
# Java VM: Java HotSpot(TM) 64-Bit Server VM (21.0.1+12-LTS-29, mixed mode, sharing, tiered, compressed oops, compressed class ptrs, g1 gc, windows-amd64)
GC Precious Log:
 CardTable entry size: 512
 Card Set container configuration: InlinePtr #cards 5 size 8 Array Of Cards #cards 12 size 40 Howl #buckets 4 coarsen threshold 1843 Howl Bitmap #cards 512 size 80 coarsen threshold 460 Card regions per heap region 1 cards per card region 2048
 CPUs: 4 total, 4 available
 Memory: 8083M
 Large Page Support: Disabled
 NUMA Support: Disabled
 Compressed Oops: Enabled (32-bit)
 Heap Region Size: 1M
 Heap Min Capacity: 8M
 Heap Initial Capacity: 128M
 Heap Max Capacity: 2022M
 Pre-touch: Disabled
 Parallel Workers: 4
 Concurrent Workers: 1
 Concurrent Refinement Workers: 4
 Periodic GC: Disabled
Heap:
 garbage-first heap   total 66560K, used 33993K [0x0000000081a00000, 0x0000000100000000)
  region size 1024K, 4 young (4096K), 3 survivors (3072K)
 Metaspace       used 75276K, committed 75968K, reserved 1179648K
  class space    used 10296K, committed 10624K, reserved 1048576K
GC Heap History (20 events):
Event: 8.581 GC heap before
{Heap before GC invocations=6 (full 0):
 garbage-first heap   total 55296K, used 41590K [0x0000000081a00000, 0x0000000100000000)
  region size 1024K, 29 young (29696K), 4 survivors (4096K)
 Metaspace       used 29813K, committed 30144K, reserved 1114112K
  class space    used 3820K, committed 3968K, reserved 1048576K
}
Event: 8.592 GC heap after
{Heap after GC invocations=7 (full 0):
 garbage-first heap   total 55296K, used 17784K [0x0000000081a00000, 0x0000000100000000)
  region size 1024K, 3 young (3072K), 3 survivors (3072K)
 Metaspace       used 29813K, committed 30144K, reserved 1114112K
  class space    used 3820K, committed 3968K, reserved 1048576K
}
Event: 10.753 GC heap before
{Heap before GC invocations=7 (full 0):
 garbage-first heap   total 55296K, used 44408K [0x0000000081a00000, 0x0000000100000000)
  region size 1024K, 29 young (29696K), 3 survivors (3072K)
 Metaspace       used 33542K, committed 34048K, reserved 1114112K
  class space    used 4342K, committed 4544K, reserved 1048576K
}
Event: 10.766 GC heap after
{Heap after GC invocations=8 (full 0):
 garbage-first heap   total 55296K, used 19693K [0x0000000081a00000, 0x0000000100000000)
  region size 1024K, 3 young (3072K), 3 survivors (3072K)
 Metaspace       used 33542K, committed 34048K, reserved 1114112K
  class space    used 4342K, committed 4544K, reserved 1048576K
}
Event: 11.560 GC heap before
{Heap before GC invocations=8 (full 0):
 garbage-first heap   total 55296K, used 30957K [0x0000000081a00000, 0x0000000100000000)
  region size 1024K, 15 young (15360K), 3 survivors (3072K)
 Metaspace       used 35531K, committed 36096K, reserved 1114112K
  class space    used 4625K, committed 4928K, reserved 1048576K
}
Event: 11.576 GC heap after
{Heap after GC invocations=9 (full 0):
 garbage-first heap   total 55296K, used 20917K [0x0000000081a00000, 0x0000000100000000)
  region size 1024K, 2 young (2048K), 2 survivors (2048K)
 Metaspace       used 35531K, committed 36096K, reserved 1114112K
  class space    used 4625K, committed 4928K, reserved 1048576K
}
Event: 13.599 GC heap before
{Heap before GC invocations=10 (full 0):
 garbage-first heap   total 55296K, used 44469K [0x0000000081a00000, 0x0000000100000000)
  region size 1024K, 26 young (26624K), 2 survivors (2048K)
 Metaspace       used 41814K, committed 42432K, reserved 1114112K
  class space    used 5636K, committed 5888K, reserved 1048576K
}
Event: 13.610 GC heap after
{Heap after GC invocations=11 (full 0):
 garbage-first heap   total 55296K, used 22209K [0x0000000081a00000, 0x0000000100000000)
  region size 1024K, 3 young (3072K), 3 survivors (3072K)
 Metaspace       used 41814K, committed 42432K, reserved 1114112K
  class space    used 5636K, committed 5888K, reserved 1048576K
}
Event: 15.835 GC heap before
{Heap before GC invocations=11 (full 0):
 garbage-first heap   total 55296K, used 44737K [0x0000000081a00000, 0x0000000100000000)
  region size 1024K, 26 young (26624K), 3 survivors (3072K)
 Metaspace       used 51528K, committed 52096K, reserved 1114112K
  class space    used 6785K, committed 7040K, reserved 1048576K
}
Event: 15.853 GC heap after
{Heap after GC invocations=12 (full 0):
 garbage-first heap   total 55296K, used 24484K [0x0000000081a00000, 0x0000000100000000)
  region size 1024K, 4 young (4096K), 4 survivors (4096K)
 Metaspace       used 51528K, committed 52096K, reserved 1114112K
  class space    used 6785K, committed 7040K, reserved 1048576K
}
Event: 17.417 GC heap before
{Heap before GC invocations=12 (full 0):
 garbage-first heap   total 55296K, used 45988K [0x0000000081a00000, 0x0000000100000000)
  region size 1024K, 26 young (26624K), 4 survivors (4096K)
 Metaspace       used 58537K, committed 59072K, reserved 1114112K
  class space    used 7739K, committed 8000K, reserved 1048576K
}
Event: 17.430 GC heap after
{Heap after GC invocations=13 (full 0):
 garbage-first heap   total 55296K, used 25727K [0x0000000081a00000, 0x0000000100000000)
  region size 1024K, 2 young (2048K), 2 survivors (2048K)
 Metaspace       used 58537K, committed 59072K, reserved 1114112K
  class space    used 7739K, committed 8000K, reserved 1048576K
}
Event: 17.808 GC heap before
{Heap before GC invocations=13 (full 0):
 garbage-first heap   total 55296K, used 30847K [0x0000000081a00000, 0x0000000100000000)
  region size 1024K, 8 young (8192K), 2 survivors (2048K)
 Metaspace       used 59931K, committed 60480K, reserved 1114112K
  class space    used 8023K, committed 8256K, reserved 1048576K
}
Event: 17.815 GC heap after
{Heap after GC invocations=14 (full 0):
 garbage-first heap   total 66560K, used 25883K [0x0000000081a00000, 0x0000000100000000)
  region size 1024K, 2 young (2048K), 2 survivors (2048K)
 Metaspace       used 59931K, committed 60480K, reserved 1114112K
  class space    used 8023K, committed 8256K, reserved 1048576K
}
Event: 22.662 GC heap before
{Heap before GC invocations=15 (full 0):
 garbage-first heap   total 66560K, used 58651K [0x0000000081a00000, 0x0000000100000000)
  region size 1024K, 34 young (34816K), 2 survivors (2048K)
 Metaspace       used 67085K, committed 67648K, reserved 1114112K
  class space    used 9076K, committed 9344K, reserved 1048576K
}
Event: 22.674 GC heap after
{Heap after GC invocations=16 (full 0):
 garbage-first heap   total 66560K, used 28279K [0x0000000081a00000, 0x0000000100000000)
  region size 1024K, 4 young (4096K), 4 survivors (4096K)
 Metaspace       used 67085K, committed 67648K, reserved 1114112K
  class space    used 9076K, committed 9344K, reserved 1048576K
}
Event: 25.173 GC heap before
{Heap before GC invocations=16 (full 0):
 garbage-first heap   total 66560K, used 57975K [0x0000000081a00000, 0x0000000100000000)
  region size 1024K, 33 young (33792K), 4 survivors (4096K)
 Metaspace       used 71192K, committed 71808K, reserved 1114112K
  class space    used 9650K, committed 9920K, reserved 1048576K
}
Event: 25.205 GC heap after
{Heap after GC invocations=17 (full 0):
 garbage-first heap   total 66560K, used 30958K [0x0000000081a00000, 0x0000000100000000)
  region size 1024K, 5 young (5120K), 5 survivors (5120K)
 Metaspace       used 71192K, committed 71808K, reserved 1114112K
  class space    used 9650K, committed 9920K, reserved 1048576K
}
Event: 27.932 GC heap before
{Heap before GC invocations=17 (full 0):
 garbage-first heap   total 66560K, used 56558K [0x0000000081a00000, 0x0000000100000000)
  region size 1024K, 30 young (30720K), 5 survivors (5120K)
 Metaspace       used 75268K, committed 75968K, reserved 1179648K
  class space    used 10295K, committed 10624K, reserved 1048576K
}
Event: 27.958 GC heap after
{Heap after GC invocations=18 (full 0):
 garbage-first heap   total 66560K, used 33993K [0x0000000081a00000, 0x0000000100000000)
  region size 1024K, 3 young (3072K), 3 survivors (3072K)
 Metaspace       used 75268K, committed 75968K, reserved 1179648K
  class space    used 10295K, committed 10624K, reserved 1048576K
}

