# JRE version: Java(TM) SE Runtime Environment (21.0.1+12) (build 21.0.1+12-LTS-29)
# Java VM: Java HotSpot(TM) 64-Bit Server VM (21.0.1+12-LTS-29, mixed mode, sharing, tiered, compressed oops, compressed class ptrs, g1 gc, windows-amd64)
GC Precious Log:
 CardTable entry size: 512
 Card Set container configuration: InlinePtr #cards 5 size 8 Array Of Cards #cards 12 size 40 Howl #buckets 4 coarsen threshold 1843 Howl Bitmap #cards 512 size 80 coarsen threshold 460 Card regions per heap region 1 cards per card region 2048
 CPUs: 4 total, 4 available
 Memory: 8083M
 Large Page Support: Disabled
 NUMA Support: Disabled
 Compressed Oops: Enabled (32-bit)
 Heap Region Size: 1M
 Heap Min Capacity: 8M
 Heap Initial Capacity: 128M
 Heap Max Capacity: 2022M
 Pre-touch: Disabled
 Parallel Workers: 4
 Concurrent Workers: 1
 Concurrent Refinement Workers: 4
 Periodic GC: Disabled
Heap:
 garbage-first heap   total 70656K, used 41708K [0x0000000081a00000, 0x0000000100000000)
  region size 1024K, 9 young (9216K), 3 survivors (3072K)
 Metaspace       used 76644K, committed 77312K, reserved 1179648K
  class space    used 10523K, committed 10816K, reserved 1048576K
GC Heap History (20 events):
Event: 7.114 GC heap before
{Heap before GC invocations=6 (full 0):
 garbage-first heap   total 58368K, used 44499K [0x0000000081a00000, 0x0000000100000000)
  region size 1024K, 30 young (30720K), 3 survivors (3072K)
 Metaspace       used 29051K, committed 29440K, reserved 1114112K
  class space    used 3802K, committed 4032K, reserved 1048576K
}
Event: 7.124 GC heap after
{Heap after GC invocations=7 (full 0):
 garbage-first heap   total 58368K, used 19152K [0x0000000081a00000, 0x0000000100000000)
  region size 1024K, 3 young (3072K), 3 survivors (3072K)
 Metaspace       used 29051K, committed 29440K, reserved 1114112K
  class space    used 3802K, committed 4032K, reserved 1048576K
}
Event: 8.560 GC heap before
{Heap before GC invocations=7 (full 0):
 garbage-first heap   total 58368K, used 45776K [0x0000000081a00000, 0x0000000100000000)
  region size 1024K, 29 young (29696K), 3 survivors (3072K)
 Metaspace       used 33316K, committed 33792K, reserved 1114112K
  class space    used 4407K, committed 4608K, reserved 1048576K
}
Event: 8.575 GC heap after
{Heap after GC invocations=8 (full 0):
 garbage-first heap   total 58368K, used 21836K [0x0000000081a00000, 0x0000000100000000)
  region size 1024K, 3 young (3072K), 3 survivors (3072K)
 Metaspace       used 33316K, committed 33792K, reserved 1114112K
  class space    used 4407K, committed 4608K, reserved 1048576K
}
Event: 9.094 GC heap before
{Heap before GC invocations=8 (full 0):
 garbage-first heap   total 58368K, used 30028K [0x0000000081a00000, 0x0000000100000000)
  region size 1024K, 12 young (12288K), 3 survivors (3072K)
 Metaspace       used 35616K, committed 36096K, reserved 1114112K
  class space    used 4724K, committed 4992K, reserved 1048576K
}
Event: 9.103 GC heap after
{Heap after GC invocations=9 (full 0):
 garbage-first heap   total 58368K, used 22228K [0x0000000081a00000, 0x0000000100000000)
  region size 1024K, 1 young (1024K), 1 survivors (1024K)
 Metaspace       used 35616K, committed 36096K, reserved 1114112K
  class space    used 4724K, committed 4992K, reserved 1048576K
}
Event: 11.117 GC heap before
{Heap before GC invocations=10 (full 0):
 garbage-first heap   total 58368K, used 48852K [0x0000000081a00000, 0x0000000100000000)
  region size 1024K, 28 young (28672K), 1 survivors (1024K)
 Metaspace       used 46336K, committed 46848K, reserved 1114112K
  class space    used 6176K, committed 6400K, reserved 1048576K
}
Event: 11.127 GC heap after
{Heap after GC invocations=11 (full 0):
 garbage-first heap   total 58368K, used 24576K [0x0000000081a00000, 0x0000000100000000)
  region size 1024K, 3 young (3072K), 3 survivors (3072K)
 Metaspace       used 46336K, committed 46848K, reserved 1114112K
  class space    used 6176K, committed 6400K, reserved 1048576K
}
Event: 12.529 GC heap before
{Heap before GC invocations=11 (full 0):
 garbage-first heap   total 58368K, used 49152K [0x0000000081a00000, 0x0000000100000000)
  region size 1024K, 28 young (28672K), 3 survivors (3072K)
 Metaspace       used 52588K, committed 53056K, reserved 1114112K
  class space    used 6967K, committed 7168K, reserved 1048576K
}
Event: 12.542 GC heap after
{Heap after GC invocations=12 (full 0):
 garbage-first heap   total 58368K, used 26127K [0x0000000081a00000, 0x0000000100000000)
  region size 1024K, 2 young (2048K), 2 survivors (2048K)
 Metaspace       used 52588K, committed 53056K, reserved 1114112K
  class space    used 6967K, committed 7168K, reserved 1048576K
}
Event: 13.697 GC heap before
{Heap before GC invocations=12 (full 0):
 garbage-first heap   total 58368K, used 49679K [0x0000000081a00000, 0x0000000100000000)
  region size 1024K, 26 young (26624K), 2 survivors (2048K)
 Metaspace       used 59925K, committed 60416K, reserved 1114112K
  class space    used 8147K, committed 8384K, reserved 1048576K
}
Event: 13.710 GC heap after
{Heap after GC invocations=13 (full 0):
 garbage-first heap   total 58368K, used 26973K [0x0000000081a00000, 0x0000000100000000)
  region size 1024K, 3 young (3072K), 3 survivors (3072K)
 Metaspace       used 59925K, committed 60416K, reserved 1114112K
  class space    used 8147K, committed 8384K, reserved 1048576K
}
Event: 13.778 GC heap before
{Heap before GC invocations=13 (full 0):
 garbage-first heap   total 58368K, used 27997K [0x0000000081a00000, 0x0000000100000000)
  region size 1024K, 5 young (5120K), 3 survivors (3072K)
 Metaspace       used 60363K, committed 60800K, reserved 1114112K
  class space    used 8187K, committed 8384K, reserved 1048576K
}
Event: 13.786 GC heap after
{Heap after GC invocations=14 (full 0):
 garbage-first heap   total 70656K, used 27657K [0x0000000081a00000, 0x0000000100000000)
  region size 1024K, 2 young (2048K), 2 survivors (2048K)
 Metaspace       used 60363K, committed 60800K, reserved 1114112K
  class space    used 8187K, committed 8384K, reserved 1048576K
}
Event: 16.839 GC heap before
{Heap before GC invocations=15 (full 0):
 garbage-first heap   total 70656K, used 61449K [0x0000000081a00000, 0x0000000100000000)
  region size 1024K, 36 young (36864K), 2 survivors (2048K)
 Metaspace       used 67655K, committed 68288K, reserved 1114112K
  class space    used 9222K, committed 9472K, reserved 1048576K
}
Event: 16.848 GC heap after
{Heap after GC invocations=16 (full 0):
 garbage-first heap   total 70656K, used 30557K [0x0000000081a00000, 0x0000000100000000)
  region size 1024K, 5 young (5120K), 5 survivors (5120K)
 Metaspace       used 67655K, committed 68288K, reserved 1114112K
  class space    used 9222K, committed 9472K, reserved 1048576K
}
Event: 17.894 GC heap before
{Heap before GC invocations=16 (full 0):
 garbage-first heap   total 70656K, used 60253K [0x0000000081a00000, 0x0000000100000000)
  region size 1024K, 34 young (34816K), 5 survivors (5120K)
 Metaspace       used 71994K, committed 72576K, reserved 1114112K
  class space    used 9798K, committed 10048K, reserved 1048576K
}
Event: 17.910 GC heap after
{Heap after GC invocations=17 (full 0):
 garbage-first heap   total 70656K, used 34056K [0x0000000081a00000, 0x0000000100000000)
  region size 1024K, 4 young (4096K), 4 survivors (4096K)
 Metaspace       used 71994K, committed 72576K, reserved 1114112K
  class space    used 9798K, committed 10048K, reserved 1048576K
}
Event: 18.868 GC heap before
{Heap before GC invocations=17 (full 0):
 garbage-first heap   total 70656K, used 61704K [0x0000000081a00000, 0x0000000100000000)
  region size 1024K, 31 young (31744K), 4 survivors (4096K)
 Metaspace       used 75808K, committed 76480K, reserved 1179648K
  class space    used 10375K, committed 10688K, reserved 1048576K
}
Event: 18.884 GC heap after
{Heap after GC invocations=18 (full 0):
 garbage-first heap   total 70656K, used 36588K [0x0000000081a00000, 0x0000000100000000)
  region size 1024K, 3 young (3072K), 3 survivors (3072K)
 Metaspace       used 75808K, committed 76480K, reserved 1179648K
  class space    used 10375K, committed 10688K, reserved 1048576K
}

