# JRE version: Java(TM) SE Runtime Environment (21.0.1+12) (build 21.0.1+12-LTS-29)
# Java VM: Java HotSpot(TM) 64-Bit Server VM (21.0.1+12-LTS-29, mixed mode, sharing, tiered, compressed oops, compressed class ptrs, g1 gc, windows-amd64)
GC Precious Log:
 CardTable entry size: 512
 Card Set container configuration: InlinePtr #cards 5 size 8 Array Of Cards #cards 12 size 40 Howl #buckets 4 coarsen threshold 1843 Howl Bitmap #cards 512 size 80 coarsen threshold 460 Card regions per heap region 1 cards per card region 2048
 CPUs: 4 total, 4 available
 Memory: 8083M
 Large Page Support: Disabled
 NUMA Support: Disabled
 Compressed Oops: Enabled (32-bit)
 Heap Region Size: 1M
 Heap Min Capacity: 8M
 Heap Initial Capacity: 128M
 Heap Max Capacity: 2022M
 Pre-touch: Disabled
 Parallel Workers: 4
 Concurrent Workers: 1
 Concurrent Refinement Workers: 4
 Periodic GC: Disabled
Heap:
 garbage-first heap   total 61440K, used 42871K [0x0000000081a00000, 0x0000000100000000)
  region size 1024K, 17 young (17408K), 4 survivors (4096K)
 Metaspace       used 67587K, committed 68288K, reserved 1114112K
  class space    used 9322K, committed 9664K, reserved 1048576K
GC Heap History (20 events):
Event: 7.014 GC heap before
{Heap before GC invocations=3 (full 0):
 garbage-first heap   total 131072K, used 57919K [0x0000000081a00000, 0x0000000100000000)
  region size 1024K, 49 young (50176K), 3 survivors (3072K)
 Metaspace       used 21204K, committed 21504K, reserved 1114112K
  class space    used 2765K, committed 2944K, reserved 1048576K
}
Event: 7.027 GC heap after
{Heap after GC invocations=4 (full 0):
 garbage-first heap   total 131072K, used 15891K [0x0000000081a00000, 0x0000000100000000)
  region size 1024K, 7 young (7168K), 7 survivors (7168K)
 Metaspace       used 21204K, committed 21504K, reserved 1114112K
  class space    used 2765K, committed 2944K, reserved 1048576K
}
Event: 8.267 GC heap before
{Heap before GC invocations=5 (full 0):
 garbage-first heap   total 61440K, used 44563K [0x0000000081a00000, 0x0000000100000000)
  region size 1024K, 36 young (36864K), 7 survivors (7168K)
 Metaspace       used 26146K, committed 26496K, reserved 1114112K
  class space    used 3367K, committed 3520K, reserved 1048576K
}
Event: 8.283 GC heap after
{Heap after GC invocations=6 (full 0):
 garbage-first heap   total 61440K, used 18347K [0x0000000081a00000, 0x0000000100000000)
  region size 1024K, 3 young (3072K), 3 survivors (3072K)
 Metaspace       used 26146K, committed 26496K, reserved 1114112K
  class space    used 3367K, committed 3520K, reserved 1048576K
}
Event: 10.218 GC heap before
{Heap before GC invocations=6 (full 0):
 garbage-first heap   total 61440K, used 47019K [0x0000000081a00000, 0x0000000100000000)
  region size 1024K, 31 young (31744K), 3 survivors (3072K)
 Metaspace       used 29800K, committed 30208K, reserved 1114112K
  class space    used 3904K, committed 4096K, reserved 1048576K
}
Event: 10.233 GC heap after
{Heap after GC invocations=7 (full 0):
 garbage-first heap   total 61440K, used 20732K [0x0000000081a00000, 0x0000000100000000)
  region size 1024K, 3 young (3072K), 3 survivors (3072K)
 Metaspace       used 29800K, committed 30208K, reserved 1114112K
  class space    used 3904K, committed 4096K, reserved 1048576K
}
Event: 12.897 GC heap before
{Heap before GC invocations=7 (full 0):
 garbage-first heap   total 61440K, used 49404K [0x0000000081a00000, 0x0000000100000000)
  region size 1024K, 31 young (31744K), 3 survivors (3072K)
 Metaspace       used 34096K, committed 34496K, reserved 1114112K
  class space    used 4567K, committed 4736K, reserved 1048576K
}
Event: 12.915 GC heap after
{Heap after GC invocations=8 (full 0):
 garbage-first heap   total 61440K, used 23094K [0x0000000081a00000, 0x0000000100000000)
  region size 1024K, 3 young (3072K), 3 survivors (3072K)
 Metaspace       used 34096K, committed 34496K, reserved 1114112K
  class space    used 4567K, committed 4736K, reserved 1048576K
}
Event: 14.042 GC heap before
{Heap before GC invocations=8 (full 0):
 garbage-first heap   total 61440K, used 31286K [0x0000000081a00000, 0x0000000100000000)
  region size 1024K, 13 young (13312K), 3 survivors (3072K)
 Metaspace       used 35567K, committed 35968K, reserved 1114112K
  class space    used 4739K, committed 4928K, reserved 1048576K
}
Event: 14.057 GC heap after
{Heap after GC invocations=9 (full 0):
 garbage-first heap   total 61440K, used 23926K [0x0000000081a00000, 0x0000000100000000)
  region size 1024K, 1 young (1024K), 1 survivors (1024K)
 Metaspace       used 35567K, committed 35968K, reserved 1114112K
  class space    used 4739K, committed 4928K, reserved 1048576K
}
Event: 16.843 GC heap before
{Heap before GC invocations=10 (full 0):
 garbage-first heap   total 61440K, used 51574K [0x0000000081a00000, 0x0000000100000000)
  region size 1024K, 28 young (28672K), 1 survivors (1024K)
 Metaspace       used 43537K, committed 44032K, reserved 1114112K
  class space    used 5989K, committed 6208K, reserved 1048576K
}
Event: 16.854 GC heap after
{Heap after GC invocations=11 (full 0):
 garbage-first heap   total 61440K, used 25646K [0x0000000081a00000, 0x0000000100000000)
  region size 1024K, 3 young (3072K), 3 survivors (3072K)
 Metaspace       used 43537K, committed 44032K, reserved 1114112K
  class space    used 5989K, committed 6208K, reserved 1048576K
}
Event: 19.070 GC heap before
{Heap before GC invocations=11 (full 0):
 garbage-first heap   total 61440K, used 52270K [0x0000000081a00000, 0x0000000100000000)
  region size 1024K, 29 young (29696K), 3 survivors (3072K)
 Metaspace       used 50106K, committed 50624K, reserved 1114112K
  class space    used 6807K, committed 7040K, reserved 1048576K
}
Event: 19.086 GC heap after
{Heap after GC invocations=12 (full 0):
 garbage-first heap   total 61440K, used 27099K [0x0000000081a00000, 0x0000000100000000)
  region size 1024K, 4 young (4096K), 4 survivors (4096K)
 Metaspace       used 50106K, committed 50624K, reserved 1114112K
  class space    used 6807K, committed 7040K, reserved 1048576K
}
Event: 20.928 GC heap before
{Heap before GC invocations=12 (full 0):
 garbage-first heap   total 61440K, used 53723K [0x0000000081a00000, 0x0000000100000000)
  region size 1024K, 30 young (30720K), 4 survivors (4096K)
 Metaspace       used 57555K, committed 58112K, reserved 1114112K
  class space    used 7994K, committed 8256K, reserved 1048576K
}
Event: 20.942 GC heap after
{Heap after GC invocations=13 (full 0):
 garbage-first heap   total 61440K, used 28143K [0x0000000081a00000, 0x0000000100000000)
  region size 1024K, 3 young (3072K), 3 survivors (3072K)
 Metaspace       used 57555K, committed 58112K, reserved 1114112K
  class space    used 7994K, committed 8256K, reserved 1048576K
}
Event: 21.349 GC heap before
{Heap before GC invocations=13 (full 0):
 garbage-first heap   total 61440K, used 34287K [0x0000000081a00000, 0x0000000100000000)
  region size 1024K, 10 young (10240K), 3 survivors (3072K)
 Metaspace       used 59604K, committed 60160K, reserved 1114112K
  class space    used 8315K, committed 8576K, reserved 1048576K
}
Event: 21.362 GC heap after
{Heap after GC invocations=14 (full 0):
 garbage-first heap   total 61440K, used 28613K [0x0000000081a00000, 0x0000000100000000)
  region size 1024K, 2 young (2048K), 2 survivors (2048K)
 Metaspace       used 59604K, committed 60160K, reserved 1114112K
  class space    used 8315K, committed 8576K, reserved 1048576K
}
Event: 23.084 GC heap before
{Heap before GC invocations=15 (full 0):
 garbage-first heap   total 61440K, used 53189K [0x0000000081a00000, 0x0000000100000000)
  region size 1024K, 27 young (27648K), 2 survivors (2048K)
 Metaspace       used 65100K, committed 65728K, reserved 1114112K
  class space    used 9025K, committed 9344K, reserved 1048576K
}
Event: 23.098 GC heap after
{Heap after GC invocations=16 (full 0):
 garbage-first heap   total 61440K, used 31607K [0x0000000081a00000, 0x0000000100000000)
  region size 1024K, 4 young (4096K), 4 survivors (4096K)
 Metaspace       used 65100K, committed 65728K, reserved 1114112K
  class space    used 9025K, committed 9344K, reserved 1048576K
}

