# JRE version: Java(TM) SE Runtime Environment (21.0.1+12) (build 21.0.1+12-LTS-29)
# Java VM: Java HotSpot(TM) 64-Bit Server VM (21.0.1+12-LTS-29, mixed mode, sharing, tiered, compressed oops, compressed class ptrs, g1 gc, windows-amd64)
GC Precious Log:
 CardTable entry size: 512
 Card Set container configuration: InlinePtr #cards 5 size 8 Array Of Cards #cards 12 size 40 Howl #buckets 4 coarsen threshold 1843 Howl Bitmap #cards 512 size 80 coarsen threshold 460 Card regions per heap region 1 cards per card region 2048
 CPUs: 4 total, 4 available
 Memory: 8083M
 Large Page Support: Disabled
 NUMA Support: Disabled
 Compressed Oops: Enabled (32-bit)
 Heap Region Size: 1M
 Heap Min Capacity: 8M
 Heap Initial Capacity: 128M
 Heap Max Capacity: 2022M
 Pre-touch: Disabled
 Parallel Workers: 4
 Concurrent Workers: 1
 Concurrent Refinement Workers: 4
 Periodic GC: Disabled
Heap:
 garbage-first heap   total 61440K, used 42115K [0x0000000081a00000, 0x0000000100000000)
  region size 1024K, 19 young (19456K), 2 survivors (2048K)
 Metaspace       used 63282K, committed 63872K, reserved 1114112K
  class space    used 8648K, committed 8896K, reserved 1048576K
GC Heap History (20 events):
Event: 2.894 GC heap before
{Heap before GC invocations=2 (full 0):
 garbage-first heap   total 131072K, used 37974K [0x0000000081a00000, 0x0000000100000000)
  region size 1024K, 32 young (32768K), 2 survivors (2048K)
 Metaspace       used 14023K, committed 14272K, reserved 1114112K
  class space    used 1820K, committed 1920K, reserved 1048576K
}
Event: 2.901 GC heap after
{Heap after GC invocations=3 (full 0):
 garbage-first heap   total 131072K, used 10693K [0x0000000081a00000, 0x0000000100000000)
  region size 1024K, 4 young (4096K), 4 survivors (4096K)
 Metaspace       used 14023K, committed 14272K, reserved 1114112K
  class space    used 1820K, committed 1920K, reserved 1048576K
}
Event: 3.726 GC heap before
{Heap before GC invocations=3 (full 0):
 garbage-first heap   total 131072K, used 42437K [0x0000000081a00000, 0x0000000100000000)
  region size 1024K, 37 young (37888K), 4 survivors (4096K)
 Metaspace       used 21240K, committed 21504K, reserved 1114112K
  class space    used 2732K, committed 2816K, reserved 1048576K
}
Event: 3.736 GC heap after
{Heap after GC invocations=4 (full 0):
 garbage-first heap   total 131072K, used 13765K [0x0000000081a00000, 0x0000000100000000)
  region size 1024K, 7 young (7168K), 7 survivors (7168K)
 Metaspace       used 21240K, committed 21504K, reserved 1114112K
  class space    used 2732K, committed 2816K, reserved 1048576K
}
Event: 4.368 GC heap before
{Heap before GC invocations=5 (full 0):
 garbage-first heap   total 51200K, used 37317K [0x0000000081a00000, 0x0000000100000000)
  region size 1024K, 30 young (30720K), 7 survivors (7168K)
 Metaspace       used 24866K, committed 25152K, reserved 1114112K
  class space    used 3226K, committed 3328K, reserved 1048576K
}
Event: 4.379 GC heap after
{Heap after GC invocations=6 (full 0):
 garbage-first heap   total 51200K, used 15725K [0x0000000081a00000, 0x0000000100000000)
  region size 1024K, 3 young (3072K), 3 survivors (3072K)
 Metaspace       used 24866K, committed 25152K, reserved 1114112K
  class space    used 3226K, committed 3328K, reserved 1048576K
}
Event: 5.619 GC heap before
{Heap before GC invocations=6 (full 0):
 garbage-first heap   total 51200K, used 38253K [0x0000000081a00000, 0x0000000100000000)
  region size 1024K, 25 young (25600K), 3 survivors (3072K)
 Metaspace       used 27990K, committed 28288K, reserved 1114112K
  class space    used 3651K, committed 3776K, reserved 1048576K
}
Event: 5.627 GC heap after
{Heap after GC invocations=7 (full 0):
 garbage-first heap   total 51200K, used 17476K [0x0000000081a00000, 0x0000000100000000)
  region size 1024K, 4 young (4096K), 4 survivors (4096K)
 Metaspace       used 27990K, committed 28288K, reserved 1114112K
  class space    used 3651K, committed 3776K, reserved 1048576K
}
Event: 6.704 GC heap before
{Heap before GC invocations=7 (full 0):
 garbage-first heap   total 51200K, used 40004K [0x0000000081a00000, 0x0000000100000000)
  region size 1024K, 26 young (26624K), 4 survivors (4096K)
 Metaspace       used 31340K, committed 31872K, reserved 1114112K
  class space    used 4156K, committed 4416K, reserved 1048576K
}
Event: 6.718 GC heap after
{Heap after GC invocations=8 (full 0):
 garbage-first heap   total 51200K, used 19679K [0x0000000081a00000, 0x0000000100000000)
  region size 1024K, 4 young (4096K), 4 survivors (4096K)
 Metaspace       used 31340K, committed 31872K, reserved 1114112K
  class space    used 4156K, committed 4416K, reserved 1048576K
}
Event: 7.569 GC heap before
{Heap before GC invocations=8 (full 0):
 garbage-first heap   total 51200K, used 34015K [0x0000000081a00000, 0x0000000100000000)
  region size 1024K, 19 young (19456K), 4 survivors (4096K)
 Metaspace       used 35587K, committed 36096K, reserved 1114112K
  class space    used 4763K, committed 4992K, reserved 1048576K
}
Event: 7.583 GC heap after
{Heap after GC invocations=9 (full 0):
 garbage-first heap   total 51200K, used 20851K [0x0000000081a00000, 0x0000000100000000)
  region size 1024K, 1 young (1024K), 1 survivors (1024K)
 Metaspace       used 35587K, committed 36096K, reserved 1114112K
  class space    used 4763K, committed 4992K, reserved 1048576K
}
Event: 9.129 GC heap before
{Heap before GC invocations=10 (full 0):
 garbage-first heap   total 51200K, used 42355K [0x0000000081a00000, 0x0000000100000000)
  region size 1024K, 23 young (23552K), 1 survivors (1024K)
 Metaspace       used 44876K, committed 45440K, reserved 1114112K
  class space    used 5985K, committed 6272K, reserved 1048576K
}
Event: 9.139 GC heap after
{Heap after GC invocations=11 (full 0):
 garbage-first heap   total 51200K, used 23214K [0x0000000081a00000, 0x0000000100000000)
  region size 1024K, 3 young (3072K), 3 survivors (3072K)
 Metaspace       used 44876K, committed 45440K, reserved 1114112K
  class space    used 5985K, committed 6272K, reserved 1048576K
}
Event: 10.136 GC heap before
{Heap before GC invocations=11 (full 0):
 garbage-first heap   total 51200K, used 42670K [0x0000000081a00000, 0x0000000100000000)
  region size 1024K, 23 young (23552K), 3 survivors (3072K)
 Metaspace       used 49923K, committed 50432K, reserved 1114112K
  class space    used 6628K, committed 6848K, reserved 1048576K
}
Event: 10.149 GC heap after
{Heap after GC invocations=12 (full 0):
 garbage-first heap   total 51200K, used 24289K [0x0000000081a00000, 0x0000000100000000)
  region size 1024K, 2 young (2048K), 2 survivors (2048K)
 Metaspace       used 49923K, committed 50432K, reserved 1114112K
  class space    used 6628K, committed 6848K, reserved 1048576K
}
Event: 11.062 GC heap before
{Heap before GC invocations=12 (full 0):
 garbage-first heap   total 51200K, used 43745K [0x0000000081a00000, 0x0000000100000000)
  region size 1024K, 22 young (22528K), 2 survivors (2048K)
 Metaspace       used 56565K, committed 57088K, reserved 1114112K
  class space    used 7646K, committed 7872K, reserved 1048576K
}
Event: 11.072 GC heap after
{Heap after GC invocations=13 (full 0):
 garbage-first heap   total 61440K, used 25336K [0x0000000081a00000, 0x0000000100000000)
  region size 1024K, 2 young (2048K), 2 survivors (2048K)
 Metaspace       used 56565K, committed 57088K, reserved 1114112K
  class space    used 7646K, committed 7872K, reserved 1048576K
}
Event: 11.610 GC heap before
{Heap before GC invocations=13 (full 0):
 garbage-first heap   total 61440K, used 38648K [0x0000000081a00000, 0x0000000100000000)
  region size 1024K, 16 young (16384K), 2 survivors (2048K)
 Metaspace       used 59936K, committed 60480K, reserved 1114112K
  class space    used 8164K, committed 8448K, reserved 1048576K
}
Event: 11.616 GC heap after
{Heap after GC invocations=14 (full 0):
 garbage-first heap   total 61440K, used 25731K [0x0000000081a00000, 0x0000000100000000)
  region size 1024K, 2 young (2048K), 2 survivors (2048K)
 Metaspace       used 59936K, committed 60480K, reserved 1114112K
  class space    used 8164K, committed 8448K, reserved 1048576K
}

