# JRE version: Java(TM) SE Runtime Environment (21.0.1+12) (build 21.0.1+12-LTS-29)
# Java VM: Java HotSpot(TM) 64-Bit Server VM (21.0.1+12-LTS-29, mixed mode, sharing, tiered, compressed oops, compressed class ptrs, g1 gc, windows-amd64)
GC Precious Log:
 CardTable entry size: 512
 Card Set container configuration: InlinePtr #cards 5 size 8 Array Of Cards #cards 12 size 40 Howl #buckets 4 coarsen threshold 1843 Howl Bitmap #cards 512 size 80 coarsen threshold 460 Card regions per heap region 1 cards per card region 2048
 CPUs: 4 total, 4 available
 Memory: 8083M
 Large Page Support: Disabled
 NUMA Support: Disabled
 Compressed Oops: Enabled (32-bit)
 Heap Region Size: 1M
 Heap Min Capacity: 8M
 Heap Initial Capacity: 128M
 Heap Max Capacity: 2022M
 Pre-touch: Disabled
 Parallel Workers: 4
 Concurrent Workers: 1
 Concurrent Refinement Workers: 4
 Periodic GC: Disabled
Heap:
 garbage-first heap   total 68608K, used 40608K [0x0000000081a00000, 0x0000000100000000)
  region size 1024K, 5 young (5120K), 3 survivors (3072K)
 Metaspace       used 84836K, committed 85632K, reserved 1179648K
  class space    used 11808K, committed 12160K, reserved 1048576K
GC Heap History (20 events):
Event: 19.295 GC heap before
{Heap before GC invocations=12 (full 0):
 garbage-first heap   total 58368K, used 49472K [0x0000000081a00000, 0x0000000100000000)
  region size 1024K, 26 young (26624K), 2 survivors (2048K)
 Metaspace       used 59476K, committed 60032K, reserved 1114112K
  class space    used 8066K, committed 8320K, reserved 1048576K
}
Event: 19.303 GC heap after
{Heap after GC invocations=13 (full 0):
 garbage-first heap   total 58368K, used 27076K [0x0000000081a00000, 0x0000000100000000)
  region size 1024K, 3 young (3072K), 3 survivors (3072K)
 Metaspace       used 59476K, committed 60032K, reserved 1114112K
  class space    used 8066K, committed 8320K, reserved 1048576K
}
Event: 19.458 GC heap before
{Heap before GC invocations=13 (full 0):
 garbage-first heap   total 58368K, used 29124K [0x0000000081a00000, 0x0000000100000000)
  region size 1024K, 6 young (6144K), 3 survivors (3072K)
 Metaspace       used 59806K, committed 60288K, reserved 1114112K
  class space    used 8111K, committed 8320K, reserved 1048576K
}
Event: 19.466 GC heap after
{Heap after GC invocations=14 (full 0):
 garbage-first heap   total 58368K, used 27065K [0x0000000081a00000, 0x0000000100000000)
  region size 1024K, 2 young (2048K), 2 survivors (2048K)
 Metaspace       used 59806K, committed 60288K, reserved 1114112K
  class space    used 8111K, committed 8320K, reserved 1048576K
}
Event: 21.941 GC heap before
{Heap before GC invocations=15 (full 0):
 garbage-first heap   total 58368K, used 49593K [0x0000000081a00000, 0x0000000100000000)
  region size 1024K, 25 young (25600K), 2 survivors (2048K)
 Metaspace       used 64953K, committed 65536K, reserved 1114112K
  class space    used 8866K, committed 9088K, reserved 1048576K
}
Event: 21.951 GC heap after
{Heap after GC invocations=16 (full 0):
 garbage-first heap   total 58368K, used 29154K [0x0000000081a00000, 0x0000000100000000)
  region size 1024K, 4 young (4096K), 4 survivors (4096K)
 Metaspace       used 64953K, committed 65536K, reserved 1114112K
  class space    used 8866K, committed 9088K, reserved 1048576K
}
Event: 22.767 GC heap before
{Heap before GC invocations=16 (full 0):
 garbage-first heap   total 58368K, used 47586K [0x0000000081a00000, 0x0000000100000000)
  region size 1024K, 23 young (23552K), 4 survivors (4096K)
 Metaspace       used 68627K, committed 69248K, reserved 1114112K
  class space    used 9304K, committed 9600K, reserved 1048576K
}
Event: 22.786 GC heap after
{Heap after GC invocations=17 (full 0):
 garbage-first heap   total 58368K, used 31744K [0x0000000081a00000, 0x0000000100000000)
  region size 1024K, 3 young (3072K), 3 survivors (3072K)
 Metaspace       used 68627K, committed 69248K, reserved 1114112K
  class space    used 9304K, committed 9600K, reserved 1048576K
}
Event: 23.791 GC heap before
{Heap before GC invocations=17 (full 0):
 garbage-first heap   total 58368K, used 51200K [0x0000000081a00000, 0x0000000100000000)
  region size 1024K, 22 young (22528K), 3 survivors (3072K)
 Metaspace       used 71694K, committed 72320K, reserved 1114112K
  class space    used 9762K, committed 10048K, reserved 1048576K
}
Event: 23.807 GC heap after
{Heap after GC invocations=18 (full 0):
 garbage-first heap   total 58368K, used 33792K [0x0000000081a00000, 0x0000000100000000)
  region size 1024K, 3 young (3072K), 3 survivors (3072K)
 Metaspace       used 71694K, committed 72320K, reserved 1114112K
  class space    used 9762K, committed 10048K, reserved 1048576K
}
Event: 24.778 GC heap before
{Heap before GC invocations=19 (full 0):
 garbage-first heap   total 58368K, used 51200K [0x0000000081a00000, 0x0000000100000000)
  region size 1024K, 20 young (20480K), 3 survivors (3072K)
 Metaspace       used 73621K, committed 74304K, reserved 1114112K
  class space    used 10055K, committed 10368K, reserved 1048576K
}
Event: 24.793 GC heap after
{Heap after GC invocations=20 (full 0):
 garbage-first heap   total 58368K, used 35637K [0x0000000081a00000, 0x0000000100000000)
  region size 1024K, 2 young (2048K), 2 survivors (2048K)
 Metaspace       used 73621K, committed 74304K, reserved 1114112K
  class space    used 10055K, committed 10368K, reserved 1048576K
}
Event: 25.453 GC heap before
{Heap before GC invocations=20 (full 0):
 garbage-first heap   total 58368K, used 52021K [0x0000000081a00000, 0x0000000100000000)
  region size 1024K, 18 young (18432K), 2 survivors (2048K)
 Metaspace       used 76229K, committed 76928K, reserved 1179648K
  class space    used 10476K, committed 10816K, reserved 1048576K
}
Event: 25.469 GC heap after
{Heap after GC invocations=21 (full 0):
 garbage-first heap   total 58368K, used 36942K [0x0000000081a00000, 0x0000000100000000)
  region size 1024K, 2 young (2048K), 2 survivors (2048K)
 Metaspace       used 76229K, committed 76928K, reserved 1179648K
  class space    used 10476K, committed 10816K, reserved 1048576K
}
Event: 26.454 GC heap before
{Heap before GC invocations=21 (full 0):
 garbage-first heap   total 58368K, used 51278K [0x0000000081a00000, 0x0000000100000000)
  region size 1024K, 16 young (16384K), 2 survivors (2048K)
 Metaspace       used 76601K, committed 77376K, reserved 1179648K
  class space    used 10531K, committed 10880K, reserved 1048576K
}
Event: 26.462 GC heap after
{Heap after GC invocations=22 (full 0):
 garbage-first heap   total 58368K, used 37312K [0x0000000081a00000, 0x0000000100000000)
  region size 1024K, 1 young (1024K), 1 survivors (1024K)
 Metaspace       used 76601K, committed 77376K, reserved 1179648K
  class space    used 10531K, committed 10880K, reserved 1048576K
}
Event: 27.885 GC heap before
{Heap before GC invocations=23 (full 0):
 garbage-first heap   total 68608K, used 52672K [0x0000000081a00000, 0x0000000100000000)
  region size 1024K, 16 young (16384K), 1 survivors (1024K)
 Metaspace       used 79453K, committed 80192K, reserved 1179648K
  class space    used 10987K, committed 11264K, reserved 1048576K
}
Event: 27.895 GC heap after
{Heap after GC invocations=24 (full 0):
 garbage-first heap   total 68608K, used 38405K [0x0000000081a00000, 0x0000000100000000)
  region size 1024K, 2 young (2048K), 2 survivors (2048K)
 Metaspace       used 79453K, committed 80192K, reserved 1179648K
  class space    used 10987K, committed 11264K, reserved 1048576K
}
Event: 28.647 GC heap before
{Heap before GC invocations=24 (full 0):
 garbage-first heap   total 68608K, used 60933K [0x0000000081a00000, 0x0000000100000000)
  region size 1024K, 25 young (25600K), 2 survivors (2048K)
 Metaspace       used 84599K, committed 85440K, reserved 1179648K
  class space    used 11761K, committed 12160K, reserved 1048576K
}
Event: 28.662 GC heap after
{Heap after GC invocations=25 (full 0):
 garbage-first heap   total 68608K, used 39584K [0x0000000081a00000, 0x0000000100000000)
  region size 1024K, 3 young (3072K), 3 survivors (3072K)
 Metaspace       used 84599K, committed 85440K, reserved 1179648K
  class space    used 11761K, committed 12160K, reserved 1048576K
}

