# JRE version: Java(TM) SE Runtime Environment (21.0.1+12) (build 21.0.1+12-LTS-29)
# Java VM: Java HotSpot(TM) 64-Bit Server VM (21.0.1+12-LTS-29, mixed mode, sharing, tiered, compressed oops, compressed class ptrs, g1 gc, windows-amd64)
GC Precious Log:
 CardTable entry size: 512
 Card Set container configuration: InlinePtr #cards 5 size 8 Array Of Cards #cards 12 size 40 Howl #buckets 4 coarsen threshold 1843 Howl Bitmap #cards 512 size 80 coarsen threshold 460 Card regions per heap region 1 cards per card region 2048
 CPUs: 4 total, 4 available
 Memory: 8083M
 Large Page Support: Disabled
 NUMA Support: Disabled
 Compressed Oops: Enabled (32-bit)
 Heap Region Size: 1M
 Heap Min Capacity: 8M
 Heap Initial Capacity: 128M
 Heap Max Capacity: 2022M
 Pre-touch: Disabled
 Parallel Workers: 4
 Concurrent Workers: 1
 Concurrent Refinement Workers: 4
 Periodic GC: Disabled
Heap:
 garbage-first heap   total 58368K, used 43871K [0x0000000081a00000, 0x0000000100000000)
  region size 1024K, 31 young (31744K), 3 survivors (3072K)
 Metaspace       used 25952K, committed 26240K, reserved 1114112K
  class space    used 3341K, committed 3456K, reserved 1048576K
GC Heap History (9 events):
Event: 1.241 GC heap before
{Heap before GC invocations=0 (full 0):
 garbage-first heap   total 131072K, used 14336K [0x0000000081a00000, 0x0000000100000000)
  region size 1024K, 13 young (13312K), 0 survivors (0K)
 Metaspace       used 1996K, committed 2176K, reserved 1114112K
  class space    used 154K, committed 192K, reserved 1048576K
}
Event: 1.249 GC heap after
{Heap after GC invocations=1 (full 0):
 garbage-first heap   total 131072K, used 8874K [0x0000000081a00000, 0x0000000100000000)
  region size 1024K, 2 young (2048K), 2 survivors (2048K)
 Metaspace       used 1996K, committed 2176K, reserved 1114112K
  class space    used 154K, committed 192K, reserved 1048576K
}
Event: 1.999 GC heap before
{Heap before GC invocations=1 (full 0):
 garbage-first heap   total 131072K, used 16042K [0x0000000081a00000, 0x0000000100000000)
  region size 1024K, 10 young (10240K), 2 survivors (2048K)
 Metaspace       used 4045K, committed 4288K, reserved 1114112K
  class space    used 444K, committed 576K, reserved 1048576K
}
Event: 2.007 GC heap after
{Heap after GC invocations=2 (full 0):
 garbage-first heap   total 131072K, used 9608K [0x0000000081a00000, 0x0000000100000000)
  region size 1024K, 1 young (1024K), 1 survivors (1024K)
 Metaspace       used 4045K, committed 4288K, reserved 1114112K
  class space    used 444K, committed 576K, reserved 1048576K
}
Event: 4.146 GC heap before
{Heap before GC invocations=2 (full 0):
 garbage-first heap   total 131072K, used 36232K [0x0000000081a00000, 0x0000000100000000)
  region size 1024K, 28 young (28672K), 1 survivors (1024K)
 Metaspace       used 11587K, committed 11840K, reserved 1114112K
  class space    used 1451K, committed 1536K, reserved 1048576K
}
Event: 4.154 GC heap after
{Heap after GC invocations=3 (full 0):
 garbage-first heap   total 131072K, used 11505K [0x0000000081a00000, 0x0000000100000000)
  region size 1024K, 3 young (3072K), 3 survivors (3072K)
 Metaspace       used 11587K, committed 11840K, reserved 1114112K
  class space    used 1451K, committed 1536K, reserved 1048576K
}
Event: 6.544 GC heap before
{Heap before GC invocations=3 (full 0):
 garbage-first heap   total 131072K, used 55537K [0x0000000081a00000, 0x0000000100000000)
  region size 1024K, 48 young (49152K), 3 survivors (3072K)
 Metaspace       used 21276K, committed 21504K, reserved 1114112K
  class space    used 2766K, committed 2880K, reserved 1048576K
}
Event: 6.563 GC heap after
{Heap after GC invocations=4 (full 0):
 garbage-first heap   total 131072K, used 15199K [0x0000000081a00000, 0x0000000100000000)
  region size 1024K, 6 young (6144K), 6 survivors (6144K)
 Metaspace       used 21276K, committed 21504K, reserved 1114112K
  class space    used 2766K, committed 2880K, reserved 1048576K
}
Event: 7.830 GC heap before
{Heap before GC invocations=5 (full 0):
 garbage-first heap   total 58368K, used 42847K [0x0000000081a00000, 0x0000000100000000)
  region size 1024K, 34 young (34816K), 6 survivors (6144K)
 Metaspace       used 25952K, committed 26240K, reserved 1114112K
  class space    used 3341K, committed 3456K, reserved 1048576K
}

