# JRE version: Java(TM) SE Runtime Environment (21.0.1+12) (build 21.0.1+12-LTS-29)
# Java VM: Java HotSpot(TM) 64-Bit Server VM (21.0.1+12-LTS-29, mixed mode, emulated-client, sharing, tiered, compressed oops, compressed class ptrs, g1 gc, windows-amd64)
GC Precious Log:
 CardTable entry size: 512
 Card Set container configuration: InlinePtr #cards 5 size 8 Array Of Cards #cards 12 size 40 Howl #buckets 4 coarsen threshold 1843 Howl Bitmap #cards 512 size 80 coarsen threshold 460 Card regions per heap region 1 cards per card region 2048
 CPUs: 4 total, 4 available
 Memory: 8083M
 Large Page Support: Disabled
 NUMA Support: Disabled
 Compressed Oops: Enabled (32-bit)
 Heap Region Size: 1M
 Heap Min Capacity: 8M
 Heap Initial Capacity: 128M
 Heap Max Capacity: 2022M
 Pre-touch: Disabled
 Parallel Workers: 4
 Concurrent Workers: 1
 Concurrent Refinement Workers: 4
 Periodic GC: Disabled
Heap:
 garbage-first heap   total 73728K, used 65159K [0x0000000081a00000, 0x0000000100000000)
  region size 1024K, 39 young (39936K), 4 survivors (4096K)
 Metaspace       used 65858K, committed 66560K, reserved 1114112K
  class space    used 9763K, committed 10048K, reserved 1048576K
GC Heap History (20 events):
Event: 3.519 GC heap after
{Heap after GC invocations=3 (full 0):
 garbage-first heap   total 131072K, used 11559K [0x0000000081a00000, 0x0000000100000000)
  region size 1024K, 3 young (3072K), 3 survivors (3072K)
 Metaspace       used 12647K, committed 12992K, reserved 1114112K
  class space    used 1712K, committed 1856K, reserved 1048576K
}
Event: 4.538 GC heap before
{Heap before GC invocations=3 (full 0):
 garbage-first heap   total 131072K, used 55591K [0x0000000081a00000, 0x0000000100000000)
  region size 1024K, 48 young (49152K), 3 survivors (3072K)
 Metaspace       used 21201K, committed 21504K, reserved 1114112K
  class space    used 2804K, committed 2944K, reserved 1048576K
}
Event: 4.550 GC heap after
{Heap after GC invocations=4 (full 0):
 garbage-first heap   total 131072K, used 15569K [0x0000000081a00000, 0x0000000100000000)
  region size 1024K, 7 young (7168K), 7 survivors (7168K)
 Metaspace       used 21201K, committed 21504K, reserved 1114112K
  class space    used 2804K, committed 2944K, reserved 1048576K
}
Event: 5.349 GC heap before
{Heap before GC invocations=5 (full 0):
 garbage-first heap   total 61440K, used 44241K [0x0000000081a00000, 0x0000000100000000)
  region size 1024K, 36 young (36864K), 7 survivors (7168K)
 Metaspace       used 24171K, committed 24512K, reserved 1114112K
  class space    used 3267K, committed 3456K, reserved 1048576K
}
Event: 5.367 GC heap after
{Heap after GC invocations=6 (full 0):
 garbage-first heap   total 61440K, used 17481K [0x0000000081a00000, 0x0000000100000000)
  region size 1024K, 3 young (3072K), 3 survivors (3072K)
 Metaspace       used 24171K, committed 24512K, reserved 1114112K
  class space    used 3267K, committed 3456K, reserved 1048576K
}
Event: 6.677 GC heap before
{Heap before GC invocations=6 (full 0):
 garbage-first heap   total 61440K, used 45129K [0x0000000081a00000, 0x0000000100000000)
  region size 1024K, 31 young (31744K), 3 survivors (3072K)
 Metaspace       used 27911K, committed 28352K, reserved 1114112K
  class space    used 3901K, committed 4096K, reserved 1048576K
}
Event: 6.689 GC heap after
{Heap after GC invocations=7 (full 0):
 garbage-first heap   total 61440K, used 18906K [0x0000000081a00000, 0x0000000100000000)
  region size 1024K, 2 young (2048K), 2 survivors (2048K)
 Metaspace       used 27911K, committed 28352K, reserved 1114112K
  class space    used 3901K, committed 4096K, reserved 1048576K
}
Event: 7.979 GC heap before
{Heap before GC invocations=7 (full 0):
 garbage-first heap   total 61440K, used 48602K [0x0000000081a00000, 0x0000000100000000)
  region size 1024K, 32 young (32768K), 2 survivors (2048K)
 Metaspace       used 32353K, committed 32832K, reserved 1114112K
  class space    used 4592K, committed 4800K, reserved 1048576K
}
Event: 7.998 GC heap after
{Heap after GC invocations=8 (full 0):
 garbage-first heap   total 61440K, used 22120K [0x0000000081a00000, 0x0000000100000000)
  region size 1024K, 4 young (4096K), 4 survivors (4096K)
 Metaspace       used 32353K, committed 32832K, reserved 1114112K
  class space    used 4592K, committed 4800K, reserved 1048576K
}
Event: 8.915 GC heap before
{Heap before GC invocations=8 (full 0):
 garbage-first heap   total 61440K, used 42600K [0x0000000081a00000, 0x0000000100000000)
  region size 1024K, 26 young (26624K), 4 survivors (4096K)
 Metaspace       used 35637K, committed 36160K, reserved 1114112K
  class space    used 4991K, committed 5248K, reserved 1048576K
}
Event: 8.928 GC heap after
{Heap after GC invocations=9 (full 0):
 garbage-first heap   total 61440K, used 23934K [0x0000000081a00000, 0x0000000100000000)
  region size 1024K, 2 young (2048K), 2 survivors (2048K)
 Metaspace       used 35637K, committed 36160K, reserved 1114112K
  class space    used 4991K, committed 5248K, reserved 1048576K
}
Event: 10.474 GC heap before
{Heap before GC invocations=10 (full 0):
 garbage-first heap   total 61440K, used 51582K [0x0000000081a00000, 0x0000000100000000)
  region size 1024K, 29 young (29696K), 2 survivors (2048K)
 Metaspace       used 43089K, committed 43648K, reserved 1114112K
  class space    used 6172K, committed 6464K, reserved 1048576K
}
Event: 10.482 GC heap after
{Heap after GC invocations=11 (full 0):
 garbage-first heap   total 61440K, used 25366K [0x0000000081a00000, 0x0000000100000000)
  region size 1024K, 4 young (4096K), 4 survivors (4096K)
 Metaspace       used 43089K, committed 43648K, reserved 1114112K
  class space    used 6172K, committed 6464K, reserved 1048576K
}
Event: 11.678 GC heap before
{Heap before GC invocations=11 (full 0):
 garbage-first heap   total 61440K, used 50966K [0x0000000081a00000, 0x0000000100000000)
  region size 1024K, 30 young (30720K), 4 survivors (4096K)
 Metaspace       used 49535K, committed 50176K, reserved 1114112K
  class space    used 7001K, committed 7296K, reserved 1048576K
}
Event: 11.687 GC heap after
{Heap after GC invocations=12 (full 0):
 garbage-first heap   total 61440K, used 26952K [0x0000000081a00000, 0x0000000100000000)
  region size 1024K, 4 young (4096K), 4 survivors (4096K)
 Metaspace       used 49535K, committed 50176K, reserved 1114112K
  class space    used 7001K, committed 7296K, reserved 1048576K
}
Event: 13.003 GC heap before
{Heap before GC invocations=12 (full 0):
 garbage-first heap   total 61440K, used 52552K [0x0000000081a00000, 0x0000000100000000)
  region size 1024K, 30 young (30720K), 4 survivors (4096K)
 Metaspace       used 56566K, committed 57216K, reserved 1114112K
  class space    used 8151K, committed 8448K, reserved 1048576K
}
Event: 13.010 GC heap after
{Heap after GC invocations=13 (full 0):
 garbage-first heap   total 61440K, used 27878K [0x0000000081a00000, 0x0000000100000000)
  region size 1024K, 3 young (3072K), 3 survivors (3072K)
 Metaspace       used 56566K, committed 57216K, reserved 1114112K
  class space    used 8151K, committed 8448K, reserved 1048576K
}
Event: 14.080 GC heap before
{Heap before GC invocations=13 (full 0):
 garbage-first heap   total 61440K, used 43238K [0x0000000081a00000, 0x0000000100000000)
  region size 1024K, 19 young (19456K), 3 survivors (3072K)
 Metaspace       used 60128K, committed 60736K, reserved 1114112K
  class space    used 8667K, committed 8960K, reserved 1048576K
}
Event: 14.110 GC heap after
{Heap after GC invocations=14 (full 0):
 garbage-first heap   total 73728K, used 29327K [0x0000000081a00000, 0x0000000100000000)
  region size 1024K, 3 young (3072K), 3 survivors (3072K)
 Metaspace       used 60128K, committed 60736K, reserved 1114112K
  class space    used 8667K, committed 8960K, reserved 1048576K
}
Event: 15.564 GC heap before
{Heap before GC invocations=15 (full 0):
 garbage-first heap   total 73728K, used 64143K [0x0000000081a00000, 0x0000000100000000)
  region size 1024K, 38 young (38912K), 3 survivors (3072K)
 Metaspace       used 65858K, committed 66560K, reserved 1114112K
  class space    used 9763K, committed 10048K, reserved 1048576K
}

